  Source2.c
e:\buisness\c faks\projekti prog 2\zubcicprojekt\zubcicprojekt\source2.c(16): warning C4996: 'fopen': This function or variable may be unsafe. Consider using fopen_s instead. To disable deprecation, use _CRT_SECURE_NO_WARNINGS. See online help for details.
  c:\program files (x86)\windows kits\10\include\10.0.10240.0\ucrt\stdio.h(205): note: see declaration of 'fopen'
e:\buisness\c faks\projekti prog 2\zubcicprojekt\zubcicprojekt\source2.c(35): warning C4996: 'scanf': This function or variable may be unsafe. Consider using scanf_s instead. To disable deprecation, use _CRT_SECURE_NO_WARNINGS. See online help for details.
  c:\program files (x86)\windows kits\10\include\10.0.10240.0\ucrt\stdio.h(1270): note: see declaration of 'scanf'
e:\buisness\c faks\projekti prog 2\zubcicprojekt\zubcicprojekt\source2.c(57): warning C4996: 'fopen': This function or variable may be unsafe. Consider using fopen_s instead. To disable deprecation, use _CRT_SECURE_NO_WARNINGS. See online help for details.
  c:\program files (x86)\windows kits\10\include\10.0.10240.0\ucrt\stdio.h(205): note: see declaration of 'fopen'
e:\buisness\c faks\projekti prog 2\zubcicprojekt\zubcicprojekt\source2.c(65): warning C4996: 'scanf': This function or variable may be unsafe. Consider using scanf_s instead. To disable deprecation, use _CRT_SECURE_NO_WARNINGS. See online help for details.
  c:\program files (x86)\windows kits\10\include\10.0.10240.0\ucrt\stdio.h(1270): note: see declaration of 'scanf'
e:\buisness\c faks\projekti prog 2\zubcicprojekt\zubcicprojekt\source2.c(67): warning C4996: 'scanf': This function or variable may be unsafe. Consider using scanf_s instead. To disable deprecation, use _CRT_SECURE_NO_WARNINGS. See online help for details.
  c:\program files (x86)\windows kits\10\include\10.0.10240.0\ucrt\stdio.h(1270): note: see declaration of 'scanf'
e:\buisness\c faks\projekti prog 2\zubcicprojekt\zubcicprojekt\source2.c(69): warning C4996: 'scanf': This function or variable may be unsafe. Consider using scanf_s instead. To disable deprecation, use _CRT_SECURE_NO_WARNINGS. See online help for details.
  c:\program files (x86)\windows kits\10\include\10.0.10240.0\ucrt\stdio.h(1270): note: see declaration of 'scanf'
e:\buisness\c faks\projekti prog 2\zubcicprojekt\zubcicprojekt\source2.c(87): warning C4996: 'scanf': This function or variable may be unsafe. Consider using scanf_s instead. To disable deprecation, use _CRT_SECURE_NO_WARNINGS. See online help for details.
  c:\program files (x86)\windows kits\10\include\10.0.10240.0\ucrt\stdio.h(1270): note: see declaration of 'scanf'
e:\buisness\c faks\projekti prog 2\zubcicprojekt\zubcicprojekt\source2.c(117): warning C4996: 'scanf': This function or variable may be unsafe. Consider using scanf_s instead. To disable deprecation, use _CRT_SECURE_NO_WARNINGS. See online help for details.
  c:\program files (x86)\windows kits\10\include\10.0.10240.0\ucrt\stdio.h(1270): note: see declaration of 'scanf'
e:\buisness\c faks\projekti prog 2\zubcicprojekt\zubcicprojekt\source2.c(154): warning C4013: 'strcpy' undefined; assuming extern returning int
e:\buisness\c faks\projekti prog 2\zubcicprojekt\zubcicprojekt\source2.c(171): warning C4013: 'strncmp' undefined; assuming extern returning int
e:\buisness\c faks\projekti prog 2\zubcicprojekt\zubcicprojekt\source2.c(168): warning C4996: 'scanf': This function or variable may be unsafe. Consider using scanf_s instead. To disable deprecation, use _CRT_SECURE_NO_WARNINGS. See online help for details.
  c:\program files (x86)\windows kits\10\include\10.0.10240.0\ucrt\stdio.h(1270): note: see declaration of 'scanf'
e:\buisness\c faks\projekti prog 2\zubcicprojekt\zubcicprojekt\source2.c(178): warning C4996: 'scanf': This function or variable may be unsafe. Consider using scanf_s instead. To disable deprecation, use _CRT_SECURE_NO_WARNINGS. See online help for details.
  c:\program files (x86)\windows kits\10\include\10.0.10240.0\ucrt\stdio.h(1270): note: see declaration of 'scanf'
  Source.c
  Generating Code...
  LINK : E:\Buisness\C faks\projekti PROG 2\ZubcicProjekt\Debug\ZubcicProjekt.exe not found or not built by the last incremental link; performing full link
  ZubcicProjekt.vcxproj -> E:\Buisness\C faks\projekti PROG 2\ZubcicProjekt\Debug\ZubcicProjekt.exe
  ZubcicProjekt.vcxproj -> E:\Buisness\C faks\projekti PROG 2\ZubcicProjekt\Debug\ZubcicProjekt.pdb (Full PDB)
