  Source2.c
c:\users\aron\desktop\lootlistprojekt\lootlistprojekt\source2.c(87): warning C4013: 'gets' undefined; assuming extern returning int
c:\users\aron\desktop\lootlistprojekt\lootlistprojekt\source2.c(90): warning C4996: 'scanf': This function or variable may be unsafe. Consider using scanf_s instead. To disable deprecation, use _CRT_SECURE_NO_WARNINGS. See online help for details.
  d:\program files (x86)\windows kits\10\include\10.0.10240.0\ucrt\stdio.h(1270): note: see declaration of 'scanf'
c:\users\aron\desktop\lootlistprojekt\lootlistprojekt\source2.c(92): warning C4996: 'scanf': This function or variable may be unsafe. Consider using scanf_s instead. To disable deprecation, use _CRT_SECURE_NO_WARNINGS. See online help for details.
  d:\program files (x86)\windows kits\10\include\10.0.10240.0\ucrt\stdio.h(1270): note: see declaration of 'scanf'
c:\users\aron\desktop\lootlistprojekt\lootlistprojekt\source2.c(94): warning C4996: 'scanf': This function or variable may be unsafe. Consider using scanf_s instead. To disable deprecation, use _CRT_SECURE_NO_WARNINGS. See online help for details.
  d:\program files (x86)\windows kits\10\include\10.0.10240.0\ucrt\stdio.h(1270): note: see declaration of 'scanf'
c:\users\aron\desktop\lootlistprojekt\lootlistprojekt\source2.c(95): warning C4996: 'fopen': This function or variable may be unsafe. Consider using fopen_s instead. To disable deprecation, use _CRT_SECURE_NO_WARNINGS. See online help for details.
  d:\program files (x86)\windows kits\10\include\10.0.10240.0\ucrt\stdio.h(205): note: see declaration of 'fopen'
c:\users\aron\desktop\lootlistprojekt\lootlistprojekt\source2.c(113): warning C4996: 'scanf': This function or variable may be unsafe. Consider using scanf_s instead. To disable deprecation, use _CRT_SECURE_NO_WARNINGS. See online help for details.
  d:\program files (x86)\windows kits\10\include\10.0.10240.0\ucrt\stdio.h(1270): note: see declaration of 'scanf'
c:\users\aron\desktop\lootlistprojekt\lootlistprojekt\source2.c(115): warning C4996: 'scanf': This function or variable may be unsafe. Consider using scanf_s instead. To disable deprecation, use _CRT_SECURE_NO_WARNINGS. See online help for details.
  d:\program files (x86)\windows kits\10\include\10.0.10240.0\ucrt\stdio.h(1270): note: see declaration of 'scanf'
c:\users\aron\desktop\lootlistprojekt\lootlistprojekt\source2.c(117): warning C4996: 'scanf': This function or variable may be unsafe. Consider using scanf_s instead. To disable deprecation, use _CRT_SECURE_NO_WARNINGS. See online help for details.
  d:\program files (x86)\windows kits\10\include\10.0.10240.0\ucrt\stdio.h(1270): note: see declaration of 'scanf'
c:\users\aron\desktop\lootlistprojekt\lootlistprojekt\source2.c(141): warning C4996: 'fopen': This function or variable may be unsafe. Consider using fopen_s instead. To disable deprecation, use _CRT_SECURE_NO_WARNINGS. See online help for details.
  d:\program files (x86)\windows kits\10\include\10.0.10240.0\ucrt\stdio.h(205): note: see declaration of 'fopen'
c:\users\aron\desktop\lootlistprojekt\lootlistprojekt\source2.c(150): warning C4996: 'fscanf': This function or variable may be unsafe. Consider using fscanf_s instead. To disable deprecation, use _CRT_SECURE_NO_WARNINGS. See online help for details.
  d:\program files (x86)\windows kits\10\include\10.0.10240.0\ucrt\stdio.h(1193): note: see declaration of 'fscanf'
c:\users\aron\desktop\lootlistprojekt\lootlistprojekt\source2.c(180): warning C4013: 'strcpy' undefined; assuming extern returning int
  Source.c
c:\users\aron\desktop\lootlistprojekt\lootlistprojekt\source.c(21): warning C4996: 'scanf': This function or variable may be unsafe. Consider using scanf_s instead. To disable deprecation, use _CRT_SECURE_NO_WARNINGS. See online help for details.
  d:\program files (x86)\windows kits\10\include\10.0.10240.0\ucrt\stdio.h(1270): note: see declaration of 'scanf'
  Generating Code...
  LootListProjekt.vcxproj -> C:\Users\Aron\Desktop\LootListProjekt\Debug\LootListProjekt.exe
  LootListProjekt.vcxproj -> C:\Users\Aron\Desktop\LootListProjekt\Debug\LootListProjekt.pdb (Full PDB)
